14:11:35 [INFO] Log-Datei: C:\Users\Joshu\OneDrive\Desktop\DoomAssets\Neuer Ordner\vizdoom_yolo\PythonScripts\logs\doombot_20260416_141135.log
14:11:35 [INFO] Metrik-Datei: C:\Users\Joshu\OneDrive\Desktop\DoomAssets\Neuer Ordner\vizdoom_yolo\PythonScripts\logs\metrics_20260416_141135.csv
14:11:35 [INFO] Lade YOLO-Modell: C:\Users\Joshu\OneDrive\Desktop\DoomAssets\Neuer Ordner\vizdoom_yolo\PythonScripts\..\DoomDataset\model_weights\trainedyolo.pt
14:11:35 [INFO] Lade ViZDoom-Config: C:\Users\Joshu\OneDrive\Desktop\DoomAssets\Neuer Ordner\vizdoom_yolo\PythonScripts\custom_config.cfg
14:11:36 [INFO] ViZDoom initialisiert.
14:11:36 [DEBUG] Frame 1 | tic=14 | HP=100 | kein Target | action=idle | inf=99.4ms | 8.0 FPS
14:11:36 [DEBUG] Frame 2 | tic=18 | HP=100 | kein Target | action=idle | inf=18.7ms | 10.7 FPS
14:11:36 [DEBUG] Frame 3 | tic=22 | HP=100 | kein Target | action=idle | inf=15.4ms | 11.3 FPS
14:11:36 [DEBUG] Frame 4 | tic=26 | HP=100 | kein Target | action=idle | inf=18.4ms | 13.5 FPS
14:11:36 [DEBUG] Frame 5 | tic=30 | HP=100 | kein Target | action=idle | inf=18.7ms | 15.3 FPS
14:11:36 [DEBUG] Frame 6 | tic=34 | HP=100 | kein Target | action=idle | inf=17.6ms | 16.8 FPS
14:11:36 [DEBUG] Frame 7 | tic=38 | HP=100 | kein Target | action=idle | inf=17.9ms | 17.3 FPS
14:11:36 [DEBUG] Frame 8 | tic=42 | HP=100 | kein Target | action=idle | inf=17.5ms | 17.7 FPS
14:11:36 [DEBUG] Frame 9 | tic=46 | HP=100 | kein Target | action=idle | inf=18.0ms | 18.0 FPS
14:11:36 [DEBUG] Frame 10 | tic=50 | HP=100 | kein Target | action=idle | inf=18.8ms | 18.3 FPS
14:11:36 [DEBUG] Frame 11 | tic=54 | HP=100 | kein Target | action=idle | inf=19.8ms | 18.1 FPS
14:11:36 [DEBUG] Frame 12 | tic=58 | HP=100 | kein Target | action=idle | inf=16.7ms | 17.5 FPS
14:11:36 [DEBUG] Frame 13 | tic=62 | HP=100 | kein Target | action=idle | inf=18.3ms | 18.2 FPS
14:11:36 [DEBUG] Frame 14 | tic=66 | HP=100 | kein Target | action=idle | inf=18.5ms | 17.6 FPS
14:11:36 [DEBUG] Frame 15 | tic=70 | HP=100 | kein Target | action=idle | inf=24.1ms | 18.2 FPS
14:11:36 [DEBUG] Frame 16 | tic=74 | HP=100 | kein Target | action=idle | inf=18.1ms | 18.7 FPS
14:11:37 [DEBUG] Frame 17 | tic=78 | HP=100 | kein Target | action=idle | inf=18.2ms | 18.2 FPS
14:11:37 [DEBUG] Frame 18 | tic=82 | HP=100 | kein Target | action=idle | inf=18.1ms | 18.6 FPS
14:11:37 [DEBUG] Frame 19 | tic=86 | HP=100 | kein Target | action=idle | inf=17.9ms | 18.5 FPS
14:11:37 [DEBUG] Frame 20 | tic=90 | HP=100 | kein Target | action=idle | inf=18.2ms | 18.6 FPS
14:11:37 [DEBUG] Frame 21 | tic=94 | HP=100 | kein Target | action=idle | inf=16.6ms | 18.7 FPS
14:11:37 [DEBUG] Frame 22 | tic=98 | HP=100 | kein Target | action=idle | inf=17.6ms | 19.0 FPS
14:11:37 [DEBUG] Frame 23 | tic=102 | HP=100 | kein Target | action=idle | inf=18.2ms | 19.4 FPS
14:11:37 [DEBUG] Frame 24 | tic=106 | HP=100 | kein Target | action=idle | inf=18.3ms | 19.7 FPS
14:11:37 [DEBUG] Frame 25 | tic=110 | HP=100 | kein Target | action=idle | inf=17.6ms | 19.8 FPS
14:11:37 [DEBUG] Frame 26 | tic=114 | HP=100 | kein Target | action=idle | inf=18.1ms | 20.1 FPS
14:11:37 [DEBUG] Frame 27 | tic=118 | HP=100 | kein Target | action=idle | inf=18.2ms | 20.1 FPS
14:11:37 [DEBUG] Frame 28 | tic=122 | HP=100 | kein Target | action=idle | inf=18.7ms | 20.2 FPS
14:11:37 [DEBUG] Frame 29 | tic=126 | HP=100 | kein Target | action=idle | inf=17.5ms | 20.4 FPS
14:11:37 [DEBUG] Frame 30 | tic=130 | HP=100 | kein Target | action=idle | inf=17.2ms | 20.5 FPS
14:11:37 [DEBUG] Frame 31 | tic=134 | HP=100 | kein Target | action=idle | inf=17.5ms | 20.7 FPS
14:11:37 [DEBUG] Frame 32 | tic=138 | HP=100 | kein Target | action=idle | inf=15.0ms | 20.7 FPS
14:11:37 [DEBUG] Frame 33 | tic=142 | HP=100 | kein Target | action=idle | inf=19.0ms | 21.0 FPS
14:11:37 [DEBUG] Frame 34 | tic=146 | HP=100 | kein Target | action=idle | inf=18.9ms | 20.6 FPS
14:11:37 [DEBUG] Frame 35 | tic=150 | HP=100 | kein Target | action=idle | inf=17.8ms | 20.6 FPS
14:11:37 [DEBUG] Frame 36 | tic=154 | HP=100 | kein Target | action=idle | inf=17.8ms | 20.6 FPS
14:11:37 [DEBUG] Frame 37 | tic=158 | HP=100 | kein Target | action=idle | inf=17.9ms | 20.8 FPS
14:11:37 [DEBUG] Frame 38 | tic=162 | HP=100 | kein Target | action=idle | inf=18.2ms | 20.7 FPS
14:11:37 [DEBUG] Frame 39 | tic=166 | HP=100 | kein Target | action=idle | inf=18.3ms | 20.7 FPS
14:11:37 [DEBUG] Frame 40 | tic=170 | HP=100 | kein Target | action=idle | inf=17.7ms | 20.9 FPS
14:11:38 [DEBUG] Frame 41 | tic=174 | HP=100 | kein Target | action=idle | inf=18.4ms | 20.7 FPS
14:11:38 [DEBUG] Frame 42 | tic=178 | HP=100 | kein Target | action=idle | inf=19.5ms | 20.9 FPS
14:11:38 [DEBUG] Frame 43 | tic=182 | HP=100 | kein Target | action=idle | inf=18.2ms | 21.1 FPS
14:11:38 [DEBUG] Frame 44 | tic=186 | HP=100 | kein Target | action=idle | inf=18.2ms | 21.1 FPS
14:11:38 [DEBUG] Frame 45 | tic=190 | HP=100 | kein Target | action=idle | inf=17.8ms | 21.2 FPS
14:11:38 [DEBUG] Frame 46 | tic=194 | HP=100 | kein Target | action=idle | inf=17.5ms | 21.2 FPS
14:11:38 [DEBUG] Frame 47 | tic=198 | HP=100 | kein Target | action=idle | inf=17.7ms | 21.4 FPS
14:11:38 [DEBUG] Frame 48 | tic=202 | HP=100 | kein Target | action=idle | inf=17.8ms | 21.5 FPS
14:11:38 [DEBUG] Frame 49 | tic=206 | HP=100 | kein Target | action=idle | inf=18.2ms | 21.7 FPS
14:11:38 [DEBUG] Frame 50 | tic=210 | HP=100 | kein Target | action=idle | inf=17.7ms | 21.7 FPS
14:11:38 [DEBUG] Frame 51 | tic=214 | HP=100 | kein Target | action=idle | inf=18.4ms | 21.8 FPS
14:11:38 [DEBUG] Frame 52 | tic=218 | HP=100 | kein Target | action=idle | inf=18.6ms | 21.5 FPS
14:11:38 [DEBUG] Frame 53 | tic=222 | HP=100 | kein Target | action=idle | inf=17.5ms | 21.3 FPS
14:11:38 [DEBUG] Frame 54 | tic=226 | HP=100 | kein Target | action=idle | inf=18.1ms | 21.3 FPS
14:11:38 [DEBUG] Frame 55 | tic=230 | HP=100 | kein Target | action=idle | inf=18.0ms | 21.3 FPS
14:11:38 [DEBUG] Frame 56 | tic=234 | HP=100 | kein Target | action=idle | inf=18.1ms | 21.5 FPS
14:11:38 [DEBUG] Frame 57 | tic=238 | HP=100 | kein Target | action=idle | inf=17.7ms | 21.6 FPS
14:11:38 [DEBUG] Frame 58 | tic=242 | HP=100 | kein Target | action=idle | inf=17.7ms | 21.6 FPS
14:11:38 [DEBUG] Frame 59 | tic=246 | HP=100 | kein Target | action=idle | inf=17.9ms | 21.7 FPS
14:11:38 [DEBUG] Frame 60 | tic=250 | HP=100 | kein Target | action=idle | inf=17.6ms | 21.8 FPS
14:11:38 [DEBUG] Frame 61 | tic=254 | HP=100 | kein Target | action=idle | inf=18.0ms | 21.9 FPS
14:11:38 [DEBUG] Frame 62 | tic=258 | HP=100 | kein Target | action=idle | inf=17.9ms | 22.1 FPS
14:11:38 [DEBUG] Frame 63 | tic=262 | HP=100 | kein Target | action=idle | inf=17.9ms | 22.2 FPS
14:11:38 [DEBUG] Frame 64 | tic=266 | HP=100 | kein Target | action=idle | inf=18.0ms | 22.3 FPS
14:11:38 [DEBUG] Frame 65 | tic=270 | HP=100 | kein Target | action=idle | inf=17.8ms | 22.4 FPS
14:11:39 [DEBUG] Frame 66 | tic=274 | HP=100 | kein Target | action=idle | inf=15.1ms | 22.1 FPS
14:11:39 [DEBUG] Frame 67 | tic=278 | HP=100 | kein Target | action=idle | inf=18.5ms | 22.2 FPS
14:11:39 [DEBUG] Frame 68 | tic=282 | HP=100 | kein Target | action=idle | inf=19.2ms | 22.3 FPS
14:11:39 [DEBUG] Frame 69 | tic=286 | HP=100 | kein Target | action=idle | inf=18.4ms | 22.4 FPS
14:11:39 [DEBUG] Frame 70 | tic=290 | HP=100 | kein Target | action=idle | inf=19.5ms | 22.3 FPS
14:11:39 [DEBUG] Frame 71 | tic=294 | HP=100 | kein Target | action=idle | inf=18.0ms | 22.3 FPS
14:11:39 [DEBUG] Frame 72 | tic=298 | HP=100 | kein Target | action=idle | inf=15.2ms | 22.1 FPS
14:11:39 [DEBUG] Frame 73 | tic=302 | HP=100 | kein Target | action=idle | inf=17.4ms | 22.1 FPS
14:11:39 [DEBUG] Frame 74 | tic=306 | HP=100 | kein Target | action=idle | inf=17.6ms | 22.2 FPS
14:11:39 [DEBUG] Frame 75 | tic=310 | HP=100 | kein Target | action=idle | inf=17.6ms | 22.2 FPS
14:11:39 [DEBUG] Frame 76 | tic=314 | HP=100 | kein Target | action=idle | inf=18.0ms | 22.3 FPS
14:11:39 [DEBUG] Frame 77 | tic=318 | HP=100 | kein Target | action=idle | inf=17.2ms | 22.4 FPS
14:11:39 [DEBUG] Frame 78 | tic=322 | HP=100 | kein Target | action=idle | inf=17.3ms | 22.5 FPS
14:11:39 [DEBUG] Frame 79 | tic=326 | HP=100 | kein Target | action=idle | inf=17.4ms | 22.6 FPS
14:11:39 [DEBUG] Frame 80 | tic=330 | HP=100 | kein Target | action=idle | inf=14.8ms | 22.7 FPS
14:11:39 [DEBUG] Frame 81 | tic=334 | HP=100 | kein Target | action=idle | inf=18.3ms | 22.8 FPS
14:11:39 [DEBUG] Frame 82 | tic=338 | HP=100 | kein Target | action=idle | inf=17.7ms | 22.5 FPS
14:11:39 [DEBUG] Frame 83 | tic=342 | HP=100 | kein Target | action=idle | inf=18.2ms | 22.6 FPS
14:11:39 [DEBUG] Frame 84 | tic=346 | HP=100 | kein Target | action=idle | inf=17.5ms | 22.4 FPS
14:11:39 [DEBUG] Frame 85 | tic=350 | HP=100 | kein Target | action=idle | inf=18.2ms | 22.5 FPS
14:11:39 [DEBUG] Frame 86 | tic=354 | HP=100 | kein Target | action=idle | inf=18.8ms | 22.6 FPS
14:11:39 [DEBUG] Frame 87 | tic=358 | HP=100 | kein Target | action=idle | inf=18.0ms | 22.7 FPS
14:11:39 [DEBUG] Frame 88 | tic=362 | HP=100 | kein Target | action=idle | inf=18.2ms | 22.7 FPS
14:11:40 [DEBUG] Frame 89 | tic=366 | HP=100 | kein Target | action=idle | inf=17.8ms | 22.5 FPS
14:11:40 [DEBUG] Frame 90 | tic=370 | HP=100 | kein Target | action=idle | inf=18.7ms | 22.6 FPS
14:11:40 [DEBUG] Frame 91 | tic=374 | HP=100 | kein Target | action=idle | inf=19.3ms | 22.4 FPS
14:11:40 [DEBUG] Frame 92 | tic=378 | HP=100 | kein Target | action=idle | inf=17.5ms | 22.5 FPS
14:11:40 [DEBUG] Frame 93 | tic=382 | HP=100 | kein Target | action=idle | inf=18.2ms | 22.6 FPS
14:11:40 [DEBUG] Frame 94 | tic=386 | HP=100 | kein Target | action=idle | inf=18.0ms | 22.6 FPS
14:11:40 [DEBUG] Frame 95 | tic=390 | HP=100 | kein Target | action=idle | inf=18.3ms | 22.6 FPS
14:11:40 [DEBUG] Frame 96 | tic=394 | HP=100 | kein Target | action=idle | inf=18.5ms | 22.6 FPS
14:11:40 [DEBUG] Frame 97 | tic=398 | HP=100 | kein Target | action=idle | inf=15.4ms | 22.7 FPS
14:11:40 [DEBUG] Frame 98 | tic=402 | HP=100 | kein Target | action=idle | inf=18.5ms | 22.7 FPS
14:11:40 [DEBUG] Frame 99 | tic=406 | HP=100 | kein Target | action=idle | inf=17.6ms | 22.7 FPS
14:11:40 [DEBUG] Frame 100 | tic=410 | HP=100 | kein Target | action=idle | inf=16.9ms | 22.8 FPS
14:11:40 [DEBUG] Frame 101 | tic=414 | HP=100 | kein Target | action=idle | inf=17.7ms | 22.9 FPS
14:11:40 [DEBUG] Frame 102 | tic=418 | HP=100 | kein Target | action=idle | inf=18.5ms | 22.8 FPS
14:11:40 [DEBUG] Frame 103 | tic=422 | HP=100 | kein Target | action=idle | inf=18.3ms | 22.9 FPS
14:11:40 [DEBUG] Frame 104 | tic=426 | HP=100 | kein Target | action=idle | inf=17.7ms | 22.9 FPS
14:11:40 [DEBUG] Frame 105 | tic=430 | HP=100 | kein Target | action=idle | inf=15.7ms | 23.0 FPS
14:11:40 [DEBUG] Frame 106 | tic=434 | HP=100 | kein Target | action=idle | inf=18.0ms | 22.9 FPS
14:11:40 [DEBUG] Frame 107 | tic=438 | HP=100 | kein Target | action=idle | inf=17.8ms | 22.9 FPS
14:11:40 [DEBUG] Frame 108 | tic=442 | HP=100 | kein Target | action=idle | inf=17.7ms | 23.0 FPS
14:11:40 [DEBUG] Frame 109 | tic=446 | HP=100 | kein Target | action=idle | inf=17.8ms | 23.0 FPS
14:11:40 [DEBUG] Frame 110 | tic=450 | HP=100 | kein Target | action=idle | inf=17.7ms | 22.9 FPS
14:11:40 [DEBUG] Frame 111 | tic=454 | HP=100 | kein Target | action=idle | inf=17.7ms | 22.8 FPS
14:11:40 [DEBUG] Frame 112 | tic=458 | HP=100 | kein Target | action=idle | inf=17.9ms | 22.8 FPS
14:11:41 [DEBUG] Frame 113 | tic=462 | HP=100 | kein Target | action=idle | inf=17.9ms | 22.9 FPS
14:11:41 [DEBUG] Frame 114 | tic=466 | HP=100 | kein Target | action=idle | inf=16.4ms | 23.0 FPS
14:11:41 [DEBUG] Frame 115 | tic=470 | HP=100 | kein Target | action=idle | inf=18.3ms | 22.9 FPS
14:11:41 [DEBUG] Frame 116 | tic=474 | HP=100 | kein Target | action=idle | inf=18.5ms | 22.9 FPS
14:11:41 [DEBUG] Frame 117 | tic=478 | HP=100 | kein Target | action=idle | inf=18.1ms | 22.9 FPS
14:11:41 [DEBUG] Frame 118 | tic=482 | HP=100 | kein Target | action=idle | inf=18.8ms | 23.0 FPS
14:11:41 [DEBUG] Frame 119 | tic=486 | HP=100 | kein Target | action=idle | inf=18.3ms | 23.0 FPS
14:11:41 [DEBUG] Frame 120 | tic=490 | HP=100 | kein Target | action=idle | inf=19.6ms | 23.1 FPS
14:11:41 [DEBUG] Frame 121 | tic=494 | HP=100 | kein Target | action=idle | inf=18.9ms | 23.1 FPS
14:11:41 [DEBUG] Frame 122 | tic=498 | HP=100 | kein Target | action=idle | inf=18.1ms | 23.1 FPS
14:11:41 [DEBUG] Frame 123 | tic=502 | HP=100 | kein Target | action=idle | inf=18.8ms | 23.1 FPS
14:11:41 [DEBUG] Frame 124 | tic=506 | HP=100 | kein Target | action=idle | inf=18.9ms | 23.2 FPS
14:11:41 [DEBUG] Frame 125 | tic=510 | HP=100 | kein Target | action=idle | inf=18.4ms | 23.1 FPS
14:11:41 [DEBUG] Frame 126 | tic=514 | HP=100 | kein Target | action=idle | inf=20.2ms | 23.2 FPS
14:11:41 [DEBUG] Frame 127 | tic=518 | HP=100 | kein Target | action=idle | inf=19.1ms | 23.0 FPS
14:11:41 [DEBUG] Frame 128 | tic=522 | HP=100 | kein Target | action=idle | inf=18.8ms | 23.1 FPS
14:11:41 [DEBUG] Frame 129 | tic=526 | HP=100 | kein Target | action=idle | inf=18.2ms | 23.1 FPS
14:11:41 [DEBUG] Frame 130 | tic=530 | HP=100 | kein Target | action=idle | inf=35.7ms | 23.1 FPS
14:11:41 [DEBUG] Frame 131 | tic=534 | HP=100 | kein Target | action=idle | inf=21.2ms | 23.2 FPS
14:11:41 [DEBUG] Frame 132 | tic=538 | HP=100 | kein Target | action=idle | inf=19.8ms | 23.2 FPS
14:11:41 [DEBUG] Frame 133 | tic=542 | HP=100 | kein Target | action=idle | inf=17.5ms | 23.3 FPS
14:11:41 [DEBUG] Frame 134 | tic=546 | HP=100 | kein Target | action=idle | inf=18.6ms | 23.3 FPS
14:11:41 [DEBUG] Frame 135 | tic=550 | HP=100 | kein Target | action=idle | inf=18.4ms | 23.3 FPS
14:11:41 [DEBUG] Frame 136 | tic=554 | HP=100 | kein Target | action=idle | inf=17.8ms | 23.3 FPS
14:11:41 [DEBUG] Frame 137 | tic=558 | HP=100 | kein Target | action=idle | inf=16.8ms | 23.3 FPS
14:11:41 [DEBUG] Frame 138 | tic=562 | HP=100 | kein Target | action=idle | inf=17.7ms | 23.4 FPS
14:11:42 [DEBUG] Frame 139 | tic=566 | HP=100 | kein Target | action=idle | inf=17.8ms | 23.4 FPS
14:11:42 [DEBUG] Frame 140 | tic=570 | HP=100 | kein Target | action=idle | inf=17.8ms | 23.5 FPS
14:11:42 [DEBUG] Frame 141 | tic=574 | HP=100 | kein Target | action=idle | inf=17.2ms | 23.5 FPS
14:11:42 [DEBUG] Frame 142 | tic=578 | HP=100 | kein Target | action=idle | inf=15.4ms | 23.5 FPS
14:11:42 [DEBUG] Frame 143 | tic=582 | HP=100 | kein Target | action=idle | inf=18.3ms | 23.5 FPS
14:11:42 [DEBUG] Frame 144 | tic=586 | HP=100 | kein Target | action=idle | inf=18.5ms | 23.5 FPS
14:11:42 [DEBUG] Frame 145 | tic=590 | HP=100 | kein Target | action=idle | inf=18.6ms | 23.5 FPS
14:11:42 [DEBUG] Frame 146 | tic=594 | HP=100 | kein Target | action=idle | inf=16.8ms | 23.5 FPS
14:11:42 [DEBUG] Frame 147 | tic=598 | HP=100 | kein Target | action=idle | inf=16.4ms | 23.5 FPS
14:11:42 [DEBUG] Frame 148 | tic=602 | HP=100 | kein Target | action=idle | inf=17.9ms | 23.5 FPS
14:11:42 [DEBUG] Frame 149 | tic=606 | HP=100 | kein Target | action=idle | inf=17.4ms | 23.6 FPS
14:11:42 [DEBUG] Frame 150 | tic=610 | HP=100 | kein Target | action=idle | inf=17.7ms | 23.4 FPS
14:11:42 [DEBUG] Frame 151 | tic=614 | HP=100 | kein Target | action=idle | inf=18.0ms | 23.3 FPS
14:11:42 [DEBUG] Frame 152 | tic=618 | HP=100 | kein Target | action=idle | inf=18.3ms | 23.3 FPS
14:11:42 [DEBUG] Frame 153 | tic=622 | HP=100 | kein Target | action=idle | inf=17.8ms | 23.4 FPS
14:11:42 [DEBUG] Frame 154 | tic=626 | HP=100 | kein Target | action=idle | inf=19.7ms | 23.4 FPS
14:11:42 [DEBUG] Frame 155 | tic=630 | HP=100 | kein Target | action=idle | inf=18.7ms | 23.5 FPS
14:11:42 [DEBUG] Frame 156 | tic=634 | HP=100 | kein Target | action=idle | inf=17.7ms | 23.4 FPS
14:11:42 [DEBUG] Frame 157 | tic=638 | HP=100 | kein Target | action=idle | inf=17.7ms | 23.4 FPS
14:11:42 [DEBUG] Frame 158 | tic=642 | HP=100 | kein Target | action=idle | inf=17.6ms | 23.3 FPS
14:11:42 [DEBUG] Frame 159 | tic=646 | HP=100 | kein Target | action=idle | inf=18.6ms | 23.3 FPS
14:11:42 [DEBUG] Frame 160 | tic=650 | HP=100 | kein Target | action=idle | inf=18.0ms | 23.3 FPS
14:11:43 [DEBUG] Frame 161 | tic=654 | HP=100 | kein Target | action=idle | inf=17.3ms | 23.2 FPS
14:11:43 [DEBUG] Frame 162 | tic=658 | HP=100 | kein Target | action=idle | inf=15.2ms | 23.3 FPS
14:11:43 [DEBUG] Frame 163 | tic=662 | HP=100 | kein Target | action=idle | inf=20.3ms | 23.2 FPS
14:11:43 [DEBUG] Frame 164 | tic=666 | HP=100 | kein Target | action=idle | inf=20.4ms | 23.1 FPS
14:11:43 [DEBUG] Frame 165 | tic=670 | HP=100 | kein Target | action=idle | inf=19.5ms | 23.2 FPS
14:11:43 [DEBUG] Frame 166 | tic=674 | HP=100 | kein Target | action=idle | inf=18.5ms | 23.1 FPS
14:11:43 [DEBUG] Frame 167 | tic=678 | HP=100 | kein Target | action=idle | inf=19.3ms | 23.0 FPS
14:11:43 [DEBUG] Frame 168 | tic=682 | HP=100 | kein Target | action=idle | inf=19.7ms | 22.9 FPS
14:11:43 [DEBUG] Frame 169 | tic=686 | HP=100 | kein Target | action=idle | inf=19.2ms | 23.0 FPS
14:11:43 [DEBUG] Frame 170 | tic=690 | HP=100 | kein Target | action=idle | inf=17.3ms | 22.9 FPS
14:11:43 [DEBUG] Frame 171 | tic=694 | HP=100 | kein Target | action=idle | inf=18.7ms | 22.9 FPS
14:11:43 [DEBUG] Frame 172 | tic=698 | HP=100 | kein Target | action=idle | inf=18.8ms | 22.8 FPS
14:11:43 [DEBUG] Frame 173 | tic=702 | HP=100 | kein Target | action=idle | inf=18.0ms | 22.8 FPS
14:11:43 [DEBUG] Frame 174 | tic=706 | HP=100 | kein Target | action=idle | inf=18.9ms | 22.8 FPS
14:11:43 [DEBUG] Frame 175 | tic=710 | HP=100 | kein Target | action=idle | inf=18.4ms | 22.8 FPS
14:11:43 [DEBUG] Frame 176 | tic=714 | HP=100 | kein Target | action=idle | inf=18.3ms | 22.8 FPS
14:11:43 [DEBUG] Frame 177 | tic=718 | HP=100 | kein Target | action=idle | inf=19.0ms | 22.9 FPS
14:11:43 [DEBUG] Frame 178 | tic=722 | HP=100 | kein Target | action=idle | inf=18.3ms | 22.8 FPS
14:11:43 [DEBUG] Frame 179 | tic=726 | HP=100 | kein Target | action=idle | inf=19.3ms | 22.8 FPS
14:11:43 [DEBUG] Frame 180 | tic=730 | HP=100 | kein Target | action=idle | inf=19.1ms | 22.7 FPS
14:11:44 [DEBUG] Frame 181 | tic=734 | HP=100 | kein Target | action=idle | inf=19.0ms | 22.6 FPS
14:11:44 [DEBUG] Frame 182 | tic=738 | HP=100 | kein Target | action=idle | inf=18.3ms | 22.5 FPS
14:11:44 [DEBUG] Frame 183 | tic=742 | HP=100 | kein Target | action=idle | inf=19.2ms | 22.5 FPS
14:11:44 [DEBUG] Frame 184 | tic=746 | HP=100 | kein Target | action=idle | inf=19.2ms | 22.6 FPS
14:11:44 [DEBUG] Frame 185 | tic=750 | HP=100 | kein Target | action=idle | inf=18.2ms | 22.6 FPS
14:11:44 [DEBUG] Frame 186 | tic=754 | HP=100 | kein Target | action=idle | inf=17.3ms | 22.5 FPS
14:11:44 [DEBUG] Frame 187 | tic=758 | HP=100 | kein Target | action=idle | inf=19.2ms | 22.5 FPS
14:11:44 [DEBUG] Frame 188 | tic=762 | HP=100 | kein Target | action=idle | inf=18.6ms | 22.5 FPS
14:11:44 [DEBUG] Frame 189 | tic=766 | HP=100 | kein Target | action=idle | inf=18.8ms | 22.5 FPS
14:11:44 [DEBUG] Frame 190 | tic=770 | HP=100 | kein Target | action=idle | inf=19.8ms | 22.5 FPS
14:11:44 [DEBUG] Frame 191 | tic=774 | HP=100 | kein Target | action=idle | inf=18.4ms | 22.6 FPS
14:11:44 [DEBUG] Frame 192 | tic=778 | HP=100 | kein Target | action=idle | inf=19.7ms | 22.6 FPS
14:11:44 [DEBUG] Frame 193 | tic=782 | HP=100 | kein Target | action=idle | inf=16.7ms | 22.6 FPS
14:11:44 [DEBUG] Frame 194 | tic=786 | HP=100 | kein Target | action=idle | inf=16.0ms | 22.6 FPS
14:11:44 [DEBUG] Frame 195 | tic=790 | HP=100 | kein Target | action=idle | inf=18.7ms | 22.6 FPS
14:11:44 [DEBUG] Frame 196 | tic=794 | HP=100 | kein Target | action=idle | inf=18.8ms | 22.7 FPS
14:11:44 [DEBUG] Frame 197 | tic=798 | HP=100 | kein Target | action=idle | inf=15.9ms | 22.7 FPS
14:11:44 [DEBUG] Frame 198 | tic=802 | HP=100 | kein Target | action=idle | inf=18.6ms | 22.7 FPS
14:11:44 [DEBUG] Frame 199 | tic=806 | HP=100 | kein Target | action=idle | inf=18.5ms | 22.8 FPS
14:11:44 [DEBUG] Frame 200 | tic=810 | HP=100 | kein Target | action=idle | inf=16.1ms | 22.8 FPS
14:11:44 [DEBUG] Frame 201 | tic=814 | HP=100 | kein Target | action=idle | inf=18.3ms | 22.7 FPS
14:11:44 [DEBUG] Frame 202 | tic=818 | HP=100 | kein Target | action=idle | inf=18.0ms | 22.7 FPS
14:11:45 [DEBUG] Frame 203 | tic=822 | HP=100 | kein Target | action=idle | inf=18.4ms | 22.7 FPS
14:11:45 [DEBUG] Frame 204 | tic=826 | HP=100 | kein Target | action=idle | inf=20.0ms | 22.8 FPS
14:11:45 [DEBUG] Frame 205 | tic=830 | HP=100 | kein Target | action=idle | inf=18.1ms | 22.8 FPS
14:11:45 [DEBUG] Frame 206 | tic=834 | HP=100 | kein Target | action=idle | inf=17.3ms | 22.8 FPS
14:11:45 [DEBUG] Frame 207 | tic=838 | HP=100 | kein Target | action=idle | inf=18.0ms | 22.9 FPS
14:11:45 [DEBUG] Frame 208 | tic=842 | HP=100 | kein Target | action=idle | inf=17.4ms | 22.9 FPS
14:11:45 [DEBUG] Frame 209 | tic=846 | HP=100 | kein Target | action=idle | inf=18.4ms | 22.8 FPS
14:11:45 [DEBUG] Frame 210 | tic=850 | HP=100 | kein Target | action=idle | inf=18.0ms | 22.8 FPS
14:11:45 [DEBUG] Frame 211 | tic=854 | HP=100 | kein Target | action=idle | inf=18.9ms | 22.8 FPS
14:11:45 [DEBUG] Frame 212 | tic=858 | HP=100 | kein Target | action=idle | inf=18.4ms | 22.7 FPS
14:11:45 [DEBUG] Frame 213 | tic=862 | HP=100 | kein Target | action=idle | inf=18.0ms | 22.8 FPS
14:11:45 [DEBUG] Frame 214 | tic=866 | HP=100 | kein Target | action=idle | inf=17.8ms | 22.8 FPS
14:11:45 [DEBUG] Frame 215 | tic=870 | HP=100 | kein Target | action=idle | inf=15.7ms | 22.8 FPS
14:11:45 [DEBUG] Frame 216 | tic=874 | HP=100 | kein Target | action=idle | inf=18.1ms | 22.8 FPS
14:11:45 [DEBUG] Frame 217 | tic=878 | HP=100 | kein Target | action=idle | inf=17.7ms | 22.9 FPS
14:11:45 [DEBUG] Frame 218 | tic=882 | HP=100 | kein Target | action=idle | inf=16.0ms | 22.8 FPS
14:11:45 [DEBUG] Frame 219 | tic=886 | HP=100 | kein Target | action=idle | inf=17.8ms | 22.8 FPS
14:11:45 [DEBUG] Frame 220 | tic=890 | HP=100 | kein Target | action=idle | inf=17.4ms | 22.8 FPS
14:11:45 [DEBUG] Frame 221 | tic=894 | HP=100 | kein Target | action=idle | inf=17.8ms | 22.8 FPS
14:11:45 [DEBUG] Frame 222 | tic=898 | HP=100 | kein Target | action=idle | inf=18.6ms | 22.8 FPS
14:11:45 [DEBUG] Frame 223 | tic=902 | HP=100 | kein Target | action=idle | inf=18.0ms | 22.8 FPS
14:11:45 [DEBUG] Frame 224 | tic=906 | HP=100 | kein Target | action=idle | inf=17.8ms | 22.8 FPS
14:11:45 [DEBUG] Frame 225 | tic=910 | HP=100 | kein Target | action=idle | inf=18.1ms | 22.8 FPS
14:11:46 [DEBUG] Frame 226 | tic=914 | HP=100 | kein Target | action=idle | inf=17.3ms | 22.8 FPS
14:11:46 [DEBUG] Frame 227 | tic=918 | HP=100 | kein Target | action=idle | inf=17.8ms | 22.8 FPS
14:11:46 [DEBUG] Frame 228 | tic=922 | HP=100 | kein Target | action=idle | inf=17.4ms | 22.7 FPS
14:11:46 [DEBUG] Frame 229 | tic=926 | HP=100 | kein Target | action=idle | inf=15.5ms | 22.8 FPS
14:11:46 [DEBUG] Frame 230 | tic=930 | HP=100 | kein Target | action=idle | inf=17.9ms | 22.8 FPS
14:11:46 [DEBUG] Frame 231 | tic=934 | HP=100 | kein Target | action=idle | inf=15.7ms | 22.7 FPS
14:11:46 [DEBUG] Frame 232 | tic=938 | HP=100 | kein Target | action=idle | inf=17.7ms | 22.8 FPS
14:11:46 [DEBUG] Frame 233 | tic=942 | HP=100 | kein Target | action=idle | inf=18.3ms | 22.8 FPS
14:11:46 [DEBUG] Frame 234 | tic=946 | HP=100 | kein Target | action=idle | inf=14.9ms | 22.8 FPS
14:11:46 [DEBUG] Frame 235 | tic=950 | HP=100 | kein Target | action=idle | inf=18.1ms | 22.8 FPS
14:11:46 [DEBUG] Frame 236 | tic=954 | HP=100 | kein Target | action=idle | inf=17.4ms | 22.4 FPS
14:11:46 [DEBUG] Frame 237 | tic=958 | HP=100 | kein Target | action=idle | inf=17.8ms | 22.4 FPS
14:11:46 [DEBUG] Frame 238 | tic=962 | HP=100 | kein Target | action=idle | inf=17.8ms | 22.4 FPS
14:11:46 [DEBUG] Frame 239 | tic=966 | HP=100 | kein Target | action=idle | inf=15.7ms | 22.3 FPS
14:11:46 [DEBUG] Frame 240 | tic=970 | HP=100 | kein Target | action=idle | inf=19.8ms | 22.3 FPS
14:11:46 [DEBUG] Frame 241 | tic=974 | HP=100 | kein Target | action=idle | inf=18.0ms | 22.3 FPS
14:11:46 [DEBUG] Frame 242 | tic=978 | HP=100 | kein Target | action=idle | inf=18.3ms | 22.3 FPS
14:11:46 [DEBUG] Frame 243 | tic=982 | HP=100 | kein Target | action=idle | inf=18.0ms | 22.4 FPS
14:11:46 [DEBUG] Frame 244 | tic=986 | HP=100 | kein Target | action=idle | inf=17.5ms | 22.4 FPS
14:11:47 [DEBUG] Frame 245 | tic=990 | HP=100 | kein Target | action=idle | inf=18.0ms | 22.4 FPS
14:11:47 [DEBUG] Frame 246 | tic=994 | HP=100 | kein Target | action=idle | inf=18.2ms | 22.3 FPS
14:11:47 [DEBUG] Frame 247 | tic=998 | HP=100 | kein Target | action=idle | inf=18.9ms | 22.3 FPS
14:11:47 [DEBUG] Frame 248 | tic=1002 | HP=100 | kein Target | action=idle | inf=17.7ms | 22.4 FPS
14:11:47 [DEBUG] Frame 249 | tic=1006 | HP=100 | kein Target | action=idle | inf=17.8ms | 22.4 FPS
14:11:47 [DEBUG] Frame 250 | tic=1010 | HP=100 | kein Target | action=idle | inf=18.0ms | 22.4 FPS
14:11:47 [DEBUG] Frame 251 | tic=1014 | HP=100 | kein Target | action=idle | inf=17.9ms | 22.4 FPS
14:11:47 [DEBUG] Frame 252 | tic=1018 | HP=100 | kein Target | action=idle | inf=17.8ms | 22.4 FPS
14:11:47 [DEBUG] Frame 253 | tic=1022 | HP=100 | kein Target | action=idle | inf=18.0ms | 22.4 FPS
14:11:47 [DEBUG] Frame 254 | tic=1026 | HP=100 | kein Target | action=idle | inf=18.0ms | 22.5 FPS
14:11:47 [DEBUG] Frame 255 | tic=1030 | HP=100 | kein Target | action=idle | inf=18.1ms | 22.4 FPS
14:11:47 [DEBUG] Frame 256 | tic=1034 | HP=100 | kein Target | action=idle | inf=18.1ms | 22.4 FPS
14:11:47 [DEBUG] Frame 257 | tic=1038 | HP=100 | kein Target | action=idle | inf=15.1ms | 22.4 FPS
14:11:47 [DEBUG] Frame 258 | tic=1042 | HP=100 | kein Target | action=idle | inf=17.5ms | 22.4 FPS
14:11:47 [DEBUG] Frame 259 | tic=1046 | HP=100 | kein Target | action=idle | inf=15.2ms | 22.5 FPS
14:11:47 [DEBUG] Frame 260 | tic=1050 | HP=100 | kein Target | action=idle | inf=18.4ms | 22.5 FPS
14:11:47 [DEBUG] Frame 261 | tic=1054 | HP=100 | kein Target | action=idle | inf=18.9ms | 22.5 FPS
14:11:47 [DEBUG] Frame 262 | tic=1058 | HP=100 | kein Target | action=idle | inf=18.2ms | 22.4 FPS
14:11:47 [DEBUG] Frame 263 | tic=1062 | HP=100 | kein Target | action=idle | inf=18.9ms | 22.4 FPS
14:11:47 [DEBUG] Frame 264 | tic=1066 | HP=100 | kein Target | action=idle | inf=17.8ms | 22.4 FPS
14:11:47 [DEBUG] Frame 265 | tic=1070 | HP=100 | kein Target | action=idle | inf=18.6ms | 22.4 FPS
14:11:47 [DEBUG] Frame 266 | tic=1074 | HP=100 | kein Target | action=idle | inf=17.6ms | 22.5 FPS
14:11:47 [DEBUG] Frame 267 | tic=1078 | HP=100 | kein Target | action=idle | inf=17.7ms | 22.5 FPS
14:11:48 [DEBUG] Frame 268 | tic=1082 | HP=100 | kein Target | action=idle | inf=17.6ms | 22.5 FPS
14:11:48 [DEBUG] Frame 269 | tic=1086 | HP=100 | kein Target | action=idle | inf=17.6ms | 22.5 FPS
14:11:48 [DEBUG] Frame 270 | tic=1090 | HP=100 | kein Target | action=idle | inf=17.8ms | 22.5 FPS
14:11:48 [DEBUG] Frame 271 | tic=1094 | HP=100 | kein Target | action=idle | inf=17.6ms | 22.5 FPS
14:11:48 [DEBUG] Frame 272 | tic=1098 | HP=100 | kein Target | action=idle | inf=18.5ms | 22.5 FPS
14:11:48 [DEBUG] Frame 273 | tic=1102 | HP=100 | kein Target | action=idle | inf=17.7ms | 22.5 FPS
14:11:48 [DEBUG] Frame 274 | tic=1106 | HP=100 | kein Target | action=idle | inf=15.4ms | 22.5 FPS
14:11:48 [DEBUG] Frame 275 | tic=1110 | HP=100 | kein Target | action=idle | inf=19.0ms | 22.6 FPS
14:11:48 [DEBUG] Frame 276 | tic=1114 | HP=100 | kein Target | action=idle | inf=18.1ms | 22.6 FPS
14:11:48 [DEBUG] Frame 277 | tic=1118 | HP=100 | kein Target | action=idle | inf=18.4ms | 22.6 FPS
14:11:48 [DEBUG] Frame 278 | tic=1122 | HP=100 | kein Target | action=idle | inf=18.0ms | 22.6 FPS
14:11:48 [DEBUG] Frame 279 | tic=1126 | HP=100 | kein Target | action=idle | inf=17.8ms | 22.6 FPS
14:11:48 [DEBUG] Frame 280 | tic=1130 | HP=100 | kein Target | action=idle | inf=17.5ms | 22.6 FPS
14:11:48 [DEBUG] Frame 281 | tic=1134 | HP=100 | kein Target | action=idle | inf=18.2ms | 22.6 FPS
14:11:48 [DEBUG] Frame 282 | tic=1138 | HP=100 | kein Target | action=idle | inf=17.8ms | 22.6 FPS
14:11:48 [DEBUG] Frame 283 | tic=1142 | HP=100 | kein Target | action=idle | inf=17.5ms | 22.6 FPS
14:11:48 [DEBUG] Frame 284 | tic=1146 | HP=100 | kein Target | action=idle | inf=18.1ms | 22.7 FPS
14:11:48 [DEBUG] Frame 285 | tic=1150 | HP=100 | kein Target | action=idle | inf=18.3ms | 22.7 FPS
14:11:48 [DEBUG] Frame 286 | tic=1154 | HP=100 | kein Target | action=idle | inf=17.7ms | 22.7 FPS
14:11:48 [DEBUG] Frame 287 | tic=1158 | HP=100 | kein Target | action=idle | inf=18.0ms | 22.6 FPS
14:11:48 [DEBUG] Frame 288 | tic=1162 | HP=100 | kein Target | action=idle | inf=18.2ms | 22.7 FPS
14:11:48 [DEBUG] Frame 289 | tic=1166 | HP=100 | kein Target | action=idle | inf=18.5ms | 22.7 FPS
14:11:48 [DEBUG] Frame 290 | tic=1170 | HP=100 | kein Target | action=idle | inf=19.2ms | 22.7 FPS
14:11:48 [DEBUG] Frame 291 | tic=1174 | HP=100 | kein Target | action=idle | inf=17.1ms | 22.7 FPS
14:11:48 [DEBUG] Frame 292 | tic=1178 | HP=100 | kein Target | action=idle | inf=17.7ms | 22.7 FPS
14:11:48 [DEBUG] Frame 293 | tic=1182 | HP=100 | kein Target | action=idle | inf=17.8ms | 22.7 FPS
14:11:48 [DEBUG] Frame 294 | tic=1186 | HP=100 | kein Target | action=idle | inf=18.1ms | 22.8 FPS
14:11:49 [DEBUG] Frame 295 | tic=1190 | HP=100 | kein Target | action=idle | inf=17.7ms | 22.8 FPS
14:11:49 [DEBUG] Frame 296 | tic=1194 | HP=100 | kein Target | action=idle | inf=18.2ms | 22.8 FPS
14:11:49 [DEBUG] Frame 297 | tic=1198 | HP=100 | kein Target | action=idle | inf=18.7ms | 22.7 FPS
14:11:49 [DEBUG] Frame 298 | tic=1202 | HP=100 | kein Target | action=idle | inf=18.5ms | 22.8 FPS
14:11:49 [DEBUG] Frame 299 | tic=1206 | HP=100 | kein Target | action=idle | inf=17.5ms | 22.8 FPS
14:11:49 [DEBUG] Frame 300 | tic=1210 | HP=100 | kein Target | action=idle | inf=17.8ms | 22.8 FPS
14:11:49 [DEBUG] Frame 301 | tic=1214 | HP=100 | kein Target | action=idle | inf=17.7ms | 22.8 FPS
14:11:49 [DEBUG] Frame 302 | tic=1218 | HP=100 | kein Target | action=idle | inf=15.5ms | 22.8 FPS
14:11:49 [DEBUG] Frame 303 | tic=1222 | HP=100 | kein Target | action=idle | inf=17.8ms | 22.8 FPS
14:11:49 [DEBUG] Frame 304 | tic=1226 | HP=100 | kein Target | action=idle | inf=17.6ms | 22.8 FPS
14:11:49 [ERROR] Fehler in Main-Loop: Controlled ViZDoom instance exited unexpectedly.
Traceback (most recent call last):
  File "c:\Users\Joshu\OneDrive\Desktop\DoomAssets\Neuer Ordner\vizdoom_yolo\PythonScripts\DoomPlayground.py", line 223, in run
    action = act_on_target(game, box, screen_width, TIC_SKIP)
  File "c:\Users\Joshu\OneDrive\Desktop\DoomAssets\Neuer Ordner\vizdoom_yolo\PythonScripts\DoomPlayground.py", line 163, in act_on_target
    game.make_action([0.0, 0], tic_skip)
    ~~~~~~~~~~~~~~~~^^^^^^^^^^^^^^^^^^^^
vizdoom.vizdoom.ViZDoomUnexpectedExitException: Controlled ViZDoom instance exited unexpectedly.
14:11:49 [INFO] Gesamt: 304 Frames in 13.3s (22.8 FPS)
